<?xml version="1.0" encoding="UTF-8"?>
<!-- Generated by org.testng.reporters.JUnitReportReporter -->
<testsuite skipped="0" hostname="senthils-MacBook-Pro-2.local" name="IBM.RestAssured_Assignment3.RestAssuredTestCase1" tests="4" failures="0" timestamp="01 Jun 2021 06:46:03 GMT" time="1.432" errors="0">
  <testcase name="jsonbody" time="1.367" classname="IBM.RestAssured_Assignment3.RestAssuredTestCase1"/>
  <testcase name="jsonbody" time="0.018" classname="IBM.RestAssured_Assignment3.RestAssuredTestCase1"/>
  <testcase name="jsonbody" time="0.022" classname="IBM.RestAssured_Assignment3.RestAssuredTestCase1"/>
  <testcase name="jsonbody" time="0.025" classname="IBM.RestAssured_Assignment3.RestAssuredTestCase1"/>
</testsuite> <!-- IBM.RestAssured_Assignment3.RestAssuredTestCase1 -->
